2022-10-25 10:35:53 INFO  - com.company.YouTubeApplication  - Starting YouTubeApplication using Java 18.0.2.1 on DESKTOP-KSJ750Q with PID 11076 (C:\Users\PC\IdeaProjects\youTube\target\classes started by PC in C:\Users\PC\IdeaProjects\youTube)
2022-10-25 10:35:53 INFO  - com.company.YouTubeApplication  - The following 1 profile is active: "dev"
2022-10-25 10:35:54 INFO  - org.springframework.data.repository.config.RepositoryConfigurationDelegate  - Bootstrapping Spring Data JPA repositories in DEFAULT mode.
2022-10-25 10:35:54 INFO  - org.springframework.data.repository.config.RepositoryConfigurationDelegate  - Finished Spring Data repository scanning in 71 ms. Found 18 JPA repository interfaces.
2022-10-25 10:35:54 INFO  - org.springframework.boot.web.embedded.tomcat.TomcatWebServer  - Tomcat initialized with port(s): 8080 (http)
2022-10-25 10:35:54 INFO  - org.apache.catalina.core.StandardService  - Starting service [Tomcat]
2022-10-25 10:35:54 INFO  - org.apache.catalina.core.StandardEngine  - Starting Servlet engine: [Apache Tomcat/9.0.64]
2022-10-25 10:35:54 INFO  - org.apache.catalina.core.ContainerBase.[Tomcat].[localhost].[/]  - Initializing Spring embedded WebApplicationContext
2022-10-25 10:35:54 INFO  - org.springframework.boot.web.servlet.context.ServletWebServerApplicationContext  - Root WebApplicationContext: initialization completed in 1247 ms
2022-10-25 10:35:54 INFO  - org.hibernate.jpa.internal.util.LogHelper  - HHH000204: Processing PersistenceUnitInfo [name: default]
2022-10-25 10:35:54 INFO  - org.hibernate.Version  - HHH000412: Hibernate ORM core version 5.6.9.Final
2022-10-25 10:35:55 INFO  - org.hibernate.annotations.common.Version  - HCANN000001: Hibernate Commons Annotations {5.1.2.Final}
2022-10-25 10:35:55 INFO  - com.zaxxer.hikari.HikariDataSource  - HikariPool-1 - Starting...
2022-10-25 10:35:55 INFO  - com.zaxxer.hikari.HikariDataSource  - HikariPool-1 - Start completed.
2022-10-25 10:35:55 INFO  - org.hibernate.dialect.Dialect  - HHH000400: Using dialect: org.hibernate.dialect.PostgreSQL10Dialect
2022-10-25 10:35:55 WARN  - org.hibernate.id.UUIDHexGenerator  - HHH000409: Using org.hibernate.id.UUIDHexGenerator which does not generate IETF RFC 4122 compliant UUID values; consider using org.hibernate.id.UUIDGenerator instead
2022-10-25 10:35:56 INFO  - org.hibernate.engine.transaction.jta.platform.internal.JtaPlatformInitiator  - HHH000490: Using JtaPlatform implementation: [org.hibernate.engine.transaction.jta.platform.internal.NoJtaPlatform]
2022-10-25 10:35:56 INFO  - org.springframework.orm.jpa.LocalContainerEntityManagerFactoryBean  - Initialized JPA EntityManagerFactory for persistence unit 'default'
2022-10-25 10:35:56 WARN  - org.springframework.boot.autoconfigure.orm.jpa.JpaBaseConfiguration$JpaWebConfiguration  - spring.jpa.open-in-view is enabled by default. Therefore, database queries may be performed during view rendering. Explicitly configure spring.jpa.open-in-view to disable this warning
2022-10-25 10:35:57 INFO  - org.springframework.security.web.DefaultSecurityFilterChain  - Will secure any request with [org.springframework.security.web.session.DisableEncodeUrlFilter@38320819, org.springframework.security.web.context.request.async.WebAsyncManagerIntegrationFilter@16c3388e, org.springframework.security.web.context.SecurityContextPersistenceFilter@72f91c91, org.springframework.security.web.header.HeaderWriterFilter@763a72da, org.springframework.security.web.authentication.logout.LogoutFilter@3e9e7a70, com.company.config.JwtTokenFilter@41736818, org.springframework.security.web.savedrequest.RequestCacheAwareFilter@3d273300, org.springframework.security.web.servletapi.SecurityContextHolderAwareRequestFilter@5e2525fe, org.springframework.security.web.authentication.AnonymousAuthenticationFilter@cec1ce2, org.springframework.security.web.session.SessionManagementFilter@21b75073, org.springframework.security.web.access.ExceptionTranslationFilter@281a54b, org.springframework.security.web.access.intercept.FilterSecurityInterceptor@4a4352b4]
2022-10-25 10:35:57 INFO  - org.springframework.boot.web.embedded.tomcat.TomcatWebServer  - Tomcat started on port(s): 8080 (http) with context path ''
2022-10-25 10:35:57 INFO  - com.company.YouTubeApplication  - Started YouTubeApplication in 4.606 seconds (JVM running for 5.227)
2022-10-25 10:48:37 INFO  - org.apache.catalina.core.ContainerBase.[Tomcat].[localhost].[/]  - Initializing Spring DispatcherServlet 'dispatcherServlet'
2022-10-25 10:48:37 INFO  - org.springframework.web.servlet.DispatcherServlet  - Initializing Servlet 'dispatcherServlet'
2022-10-25 10:48:37 INFO  - org.springframework.web.servlet.DispatcherServlet  - Completed initialization in 1 ms
2022-10-25 10:48:37 INFO  - com.company.controller.AuthController  - Request for login AuthDTO(email=admin@mail.tu, password=123)
2022-10-25 10:53:02 INFO  - org.springframework.orm.jpa.LocalContainerEntityManagerFactoryBean  - Closing JPA EntityManagerFactory for persistence unit 'default'
2022-10-25 10:53:02 INFO  - com.zaxxer.hikari.HikariDataSource  - HikariPool-1 - Shutdown initiated...
2022-10-25 10:53:02 INFO  - com.zaxxer.hikari.HikariDataSource  - HikariPool-1 - Shutdown completed.
2022-10-25 10:53:11 INFO  - com.company.YouTubeApplication  - Starting YouTubeApplication using Java 18.0.2.1 on DESKTOP-KSJ750Q with PID 6864 (C:\Users\PC\IdeaProjects\youTube\target\classes started by PC in C:\Users\PC\IdeaProjects\youTube)
2022-10-25 10:53:11 INFO  - com.company.YouTubeApplication  - The following 1 profile is active: "dev"
2022-10-25 10:53:11 INFO  - org.springframework.data.repository.config.RepositoryConfigurationDelegate  - Bootstrapping Spring Data JPA repositories in DEFAULT mode.
2022-10-25 10:53:11 INFO  - org.springframework.data.repository.config.RepositoryConfigurationDelegate  - Finished Spring Data repository scanning in 65 ms. Found 18 JPA repository interfaces.
2022-10-25 10:53:12 INFO  - org.springframework.boot.web.embedded.tomcat.TomcatWebServer  - Tomcat initialized with port(s): 8080 (http)
2022-10-25 10:53:12 INFO  - org.apache.catalina.core.StandardService  - Starting service [Tomcat]
2022-10-25 10:53:12 INFO  - org.apache.catalina.core.StandardEngine  - Starting Servlet engine: [Apache Tomcat/9.0.64]
2022-10-25 10:53:12 INFO  - org.apache.catalina.core.ContainerBase.[Tomcat].[localhost].[/]  - Initializing Spring embedded WebApplicationContext
2022-10-25 10:53:12 INFO  - org.springframework.boot.web.servlet.context.ServletWebServerApplicationContext  - Root WebApplicationContext: initialization completed in 1361 ms
2022-10-25 10:53:12 INFO  - org.hibernate.jpa.internal.util.LogHelper  - HHH000204: Processing PersistenceUnitInfo [name: default]
2022-10-25 10:53:12 INFO  - org.hibernate.Version  - HHH000412: Hibernate ORM core version 5.6.9.Final
2022-10-25 10:53:12 INFO  - org.hibernate.annotations.common.Version  - HCANN000001: Hibernate Commons Annotations {5.1.2.Final}
2022-10-25 10:53:12 INFO  - com.zaxxer.hikari.HikariDataSource  - HikariPool-1 - Starting...
2022-10-25 10:53:12 INFO  - com.zaxxer.hikari.HikariDataSource  - HikariPool-1 - Start completed.
2022-10-25 10:53:12 INFO  - org.hibernate.dialect.Dialect  - HHH000400: Using dialect: org.hibernate.dialect.PostgreSQL10Dialect
2022-10-25 10:53:13 WARN  - org.hibernate.id.UUIDHexGenerator  - HHH000409: Using org.hibernate.id.UUIDHexGenerator which does not generate IETF RFC 4122 compliant UUID values; consider using org.hibernate.id.UUIDGenerator instead
2022-10-25 10:53:13 INFO  - org.hibernate.engine.transaction.jta.platform.internal.JtaPlatformInitiator  - HHH000490: Using JtaPlatform implementation: [org.hibernate.engine.transaction.jta.platform.internal.NoJtaPlatform]
2022-10-25 10:53:13 INFO  - org.springframework.orm.jpa.LocalContainerEntityManagerFactoryBean  - Initialized JPA EntityManagerFactory for persistence unit 'default'
2022-10-25 10:53:14 WARN  - org.springframework.boot.autoconfigure.orm.jpa.JpaBaseConfiguration$JpaWebConfiguration  - spring.jpa.open-in-view is enabled by default. Therefore, database queries may be performed during view rendering. Explicitly configure spring.jpa.open-in-view to disable this warning
2022-10-25 10:53:15 INFO  - org.springframework.security.web.DefaultSecurityFilterChain  - Will secure any request with [org.springframework.security.web.session.DisableEncodeUrlFilter@65cb50dc, org.springframework.security.web.context.request.async.WebAsyncManagerIntegrationFilter@7fec6c2f, org.springframework.security.web.context.SecurityContextPersistenceFilter@7271320c, org.springframework.security.web.header.HeaderWriterFilter@4583a186, org.springframework.security.web.authentication.logout.LogoutFilter@5276330a, com.company.config.JwtTokenFilter@705dc1a6, org.springframework.security.web.savedrequest.RequestCacheAwareFilter@36299b83, org.springframework.security.web.servletapi.SecurityContextHolderAwareRequestFilter@71979130, org.springframework.security.web.authentication.AnonymousAuthenticationFilter@67e12e28, org.springframework.security.web.session.SessionManagementFilter@1f4d9c7f, org.springframework.security.web.access.ExceptionTranslationFilter@6fc84468, org.springframework.security.web.access.intercept.FilterSecurityInterceptor@2e640411]
2022-10-25 10:53:15 INFO  - org.springframework.boot.web.embedded.tomcat.TomcatWebServer  - Tomcat started on port(s): 8080 (http) with context path ''
2022-10-25 10:53:16 INFO  - com.company.YouTubeApplication  - Started YouTubeApplication in 5.196 seconds (JVM running for 6.022)
2022-10-25 10:53:22 INFO  - org.apache.catalina.core.ContainerBase.[Tomcat].[localhost].[/]  - Initializing Spring DispatcherServlet 'dispatcherServlet'
2022-10-25 10:53:22 INFO  - org.springframework.web.servlet.DispatcherServlet  - Initializing Servlet 'dispatcherServlet'
2022-10-25 10:53:22 INFO  - org.springframework.web.servlet.DispatcherServlet  - Completed initialization in 2 ms
2022-10-25 10:53:22 INFO  - com.company.controller.AuthController  - Request for login AuthDTO(email=admin@mail.tu, password=123)
2022-10-25 10:55:08 WARN  - com.zaxxer.hikari.pool.HikariPool  - HikariPool-1 - Thread starvation or clock leap detected (housekeeper delta=1m55s762ms933µs400ns).
2022-10-25 10:56:17 WARN  - com.zaxxer.hikari.pool.HikariPool  - HikariPool-1 - Thread starvation or clock leap detected (housekeeper delta=1m8s414ms814µs100ns).
2022-10-25 10:57:06 INFO  - org.springframework.orm.jpa.LocalContainerEntityManagerFactoryBean  - Closing JPA EntityManagerFactory for persistence unit 'default'
2022-10-25 10:57:06 INFO  - com.zaxxer.hikari.HikariDataSource  - HikariPool-1 - Shutdown initiated...
2022-10-25 10:57:06 INFO  - com.zaxxer.hikari.HikariDataSource  - HikariPool-1 - Shutdown completed.
2022-10-25 11:00:18 INFO  - com.company.YouTubeApplicationTests  - Starting YouTubeApplicationTests using Java 18.0.2.1 on DESKTOP-KSJ750Q with PID 10912 (started by PC in C:\Users\PC\IdeaProjects\youTube)
2022-10-25 11:00:18 INFO  - com.company.YouTubeApplicationTests  - The following 1 profile is active: "dev"
2022-10-25 11:00:19 INFO  - org.springframework.data.repository.config.RepositoryConfigurationDelegate  - Bootstrapping Spring Data JPA repositories in DEFAULT mode.
2022-10-25 11:00:19 INFO  - org.springframework.data.repository.config.RepositoryConfigurationDelegate  - Finished Spring Data repository scanning in 77 ms. Found 18 JPA repository interfaces.
2022-10-25 11:00:20 INFO  - org.hibernate.jpa.internal.util.LogHelper  - HHH000204: Processing PersistenceUnitInfo [name: default]
2022-10-25 11:00:20 INFO  - org.hibernate.Version  - HHH000412: Hibernate ORM core version 5.6.9.Final
2022-10-25 11:00:20 INFO  - org.hibernate.annotations.common.Version  - HCANN000001: Hibernate Commons Annotations {5.1.2.Final}
2022-10-25 11:00:20 INFO  - com.zaxxer.hikari.HikariDataSource  - HikariPool-1 - Starting...
2022-10-25 11:00:21 INFO  - com.zaxxer.hikari.HikariDataSource  - HikariPool-1 - Start completed.
2022-10-25 11:00:21 INFO  - org.hibernate.dialect.Dialect  - HHH000400: Using dialect: org.hibernate.dialect.PostgreSQL10Dialect
2022-10-25 11:00:21 WARN  - org.hibernate.id.UUIDHexGenerator  - HHH000409: Using org.hibernate.id.UUIDHexGenerator which does not generate IETF RFC 4122 compliant UUID values; consider using org.hibernate.id.UUIDGenerator instead
2022-10-25 11:00:21 INFO  - org.hibernate.engine.transaction.jta.platform.internal.JtaPlatformInitiator  - HHH000490: Using JtaPlatform implementation: [org.hibernate.engine.transaction.jta.platform.internal.NoJtaPlatform]
2022-10-25 11:00:21 INFO  - org.springframework.orm.jpa.LocalContainerEntityManagerFactoryBean  - Initialized JPA EntityManagerFactory for persistence unit 'default'
2022-10-25 11:00:22 WARN  - org.springframework.boot.autoconfigure.orm.jpa.JpaBaseConfiguration$JpaWebConfiguration  - spring.jpa.open-in-view is enabled by default. Therefore, database queries may be performed during view rendering. Explicitly configure spring.jpa.open-in-view to disable this warning
2022-10-25 11:00:23 INFO  - org.springframework.security.web.DefaultSecurityFilterChain  - Will secure any request with [org.springframework.security.web.session.DisableEncodeUrlFilter@2125086c, org.springframework.security.web.context.request.async.WebAsyncManagerIntegrationFilter@65c634f2, org.springframework.security.web.context.SecurityContextPersistenceFilter@58df431e, org.springframework.security.web.header.HeaderWriterFilter@72f91c91, org.springframework.security.web.authentication.logout.LogoutFilter@15b882a0, com.company.config.JwtTokenFilter@5fe4848, org.springframework.security.web.savedrequest.RequestCacheAwareFilter@3f13720f, org.springframework.security.web.servletapi.SecurityContextHolderAwareRequestFilter@1899c7ae, org.springframework.security.web.authentication.AnonymousAuthenticationFilter@57f9f387, org.springframework.security.web.session.SessionManagementFilter@7a80ebcd, org.springframework.security.web.access.ExceptionTranslationFilter@47bae235, org.springframework.security.web.access.intercept.FilterSecurityInterceptor@b91e024]
2022-10-25 11:00:24 INFO  - com.company.YouTubeApplicationTests  - Started YouTubeApplicationTests in 5.474 seconds (JVM running for 6.322)
2022-10-25 11:00:24 INFO  - org.springframework.orm.jpa.LocalContainerEntityManagerFactoryBean  - Closing JPA EntityManagerFactory for persistence unit 'default'
2022-10-25 11:00:24 INFO  - com.zaxxer.hikari.HikariDataSource  - HikariPool-1 - Shutdown initiated...
2022-10-25 11:00:24 INFO  - com.zaxxer.hikari.HikariDataSource  - HikariPool-1 - Shutdown completed.
2022-10-25 11:09:41 INFO  - com.company.YouTubeApplicationTests  - Starting YouTubeApplicationTests using Java 18.0.2.1 on DESKTOP-KSJ750Q with PID 12412 (started by PC in C:\Users\PC\IdeaProjects\youTube)
2022-10-25 11:09:41 INFO  - com.company.YouTubeApplicationTests  - The following 1 profile is active: "dev"
2022-10-25 11:09:41 INFO  - org.springframework.data.repository.config.RepositoryConfigurationDelegate  - Bootstrapping Spring Data JPA repositories in DEFAULT mode.
2022-10-25 11:09:42 INFO  - org.springframework.data.repository.config.RepositoryConfigurationDelegate  - Finished Spring Data repository scanning in 85 ms. Found 18 JPA repository interfaces.
2022-10-25 11:09:42 INFO  - org.hibernate.jpa.internal.util.LogHelper  - HHH000204: Processing PersistenceUnitInfo [name: default]
2022-10-25 11:09:42 INFO  - org.hibernate.Version  - HHH000412: Hibernate ORM core version 5.6.9.Final
2022-10-25 11:09:42 INFO  - org.hibernate.annotations.common.Version  - HCANN000001: Hibernate Commons Annotations {5.1.2.Final}
2022-10-25 11:09:42 INFO  - com.zaxxer.hikari.HikariDataSource  - HikariPool-1 - Starting...
2022-10-25 11:09:42 INFO  - com.zaxxer.hikari.HikariDataSource  - HikariPool-1 - Start completed.
2022-10-25 11:09:42 INFO  - org.hibernate.dialect.Dialect  - HHH000400: Using dialect: org.hibernate.dialect.PostgreSQL10Dialect
2022-10-25 11:09:43 WARN  - org.hibernate.id.UUIDHexGenerator  - HHH000409: Using org.hibernate.id.UUIDHexGenerator which does not generate IETF RFC 4122 compliant UUID values; consider using org.hibernate.id.UUIDGenerator instead
2022-10-25 11:09:43 INFO  - org.hibernate.engine.transaction.jta.platform.internal.JtaPlatformInitiator  - HHH000490: Using JtaPlatform implementation: [org.hibernate.engine.transaction.jta.platform.internal.NoJtaPlatform]
2022-10-25 11:09:43 INFO  - org.springframework.orm.jpa.LocalContainerEntityManagerFactoryBean  - Initialized JPA EntityManagerFactory for persistence unit 'default'
2022-10-25 11:09:44 WARN  - org.springframework.boot.autoconfigure.orm.jpa.JpaBaseConfiguration$JpaWebConfiguration  - spring.jpa.open-in-view is enabled by default. Therefore, database queries may be performed during view rendering. Explicitly configure spring.jpa.open-in-view to disable this warning
2022-10-25 11:09:45 INFO  - org.springframework.security.web.DefaultSecurityFilterChain  - Will secure any request with [org.springframework.security.web.session.DisableEncodeUrlFilter@79194b1c, org.springframework.security.web.context.request.async.WebAsyncManagerIntegrationFilter@7ec01440, org.springframework.security.web.context.SecurityContextPersistenceFilter@3d273300, org.springframework.security.web.header.HeaderWriterFilter@5a457aa1, org.springframework.security.web.authentication.logout.LogoutFilter@3638120f, com.company.config.JwtTokenFilter@442151d1, org.springframework.security.web.savedrequest.RequestCacheAwareFilter@5bbb351e, org.springframework.security.web.servletapi.SecurityContextHolderAwareRequestFilter@18f1260, org.springframework.security.web.authentication.AnonymousAuthenticationFilter@6ed87b1c, org.springframework.security.web.session.SessionManagementFilter@21b75073, org.springframework.security.web.access.ExceptionTranslationFilter@331da721, org.springframework.security.web.access.intercept.FilterSecurityInterceptor@6b72c62]
2022-10-25 11:09:46 INFO  - com.company.YouTubeApplicationTests  - Started YouTubeApplicationTests in 5.401 seconds (JVM running for 6.196)
2022-10-25 11:09:46 INFO  - org.springframework.orm.jpa.LocalContainerEntityManagerFactoryBean  - Closing JPA EntityManagerFactory for persistence unit 'default'
2022-10-25 11:09:46 INFO  - com.zaxxer.hikari.HikariDataSource  - HikariPool-1 - Shutdown initiated...
2022-10-25 11:09:46 INFO  - com.zaxxer.hikari.HikariDataSource  - HikariPool-1 - Shutdown completed.
2022-10-25 11:14:18 INFO  - com.company.YouTubeApplicationTests  - Starting YouTubeApplicationTests using Java 18.0.2.1 on DESKTOP-KSJ750Q with PID 11924 (started by PC in C:\Users\PC\IdeaProjects\youTube)
2022-10-25 11:14:18 INFO  - com.company.YouTubeApplicationTests  - The following 1 profile is active: "dev"
2022-10-25 11:14:19 INFO  - org.springframework.data.repository.config.RepositoryConfigurationDelegate  - Bootstrapping Spring Data JPA repositories in DEFAULT mode.
2022-10-25 11:14:19 INFO  - org.springframework.data.repository.config.RepositoryConfigurationDelegate  - Finished Spring Data repository scanning in 79 ms. Found 18 JPA repository interfaces.
2022-10-25 11:14:20 INFO  - org.hibernate.jpa.internal.util.LogHelper  - HHH000204: Processing PersistenceUnitInfo [name: default]
2022-10-25 11:14:20 INFO  - org.hibernate.Version  - HHH000412: Hibernate ORM core version 5.6.9.Final
2022-10-25 11:14:20 INFO  - org.hibernate.annotations.common.Version  - HCANN000001: Hibernate Commons Annotations {5.1.2.Final}
2022-10-25 11:14:20 INFO  - com.zaxxer.hikari.HikariDataSource  - HikariPool-1 - Starting...
2022-10-25 11:14:20 INFO  - com.zaxxer.hikari.HikariDataSource  - HikariPool-1 - Start completed.
2022-10-25 11:14:20 INFO  - org.hibernate.dialect.Dialect  - HHH000400: Using dialect: org.hibernate.dialect.PostgreSQL10Dialect
2022-10-25 11:14:20 WARN  - org.hibernate.id.UUIDHexGenerator  - HHH000409: Using org.hibernate.id.UUIDHexGenerator which does not generate IETF RFC 4122 compliant UUID values; consider using org.hibernate.id.UUIDGenerator instead
2022-10-25 11:14:21 INFO  - org.hibernate.engine.transaction.jta.platform.internal.JtaPlatformInitiator  - HHH000490: Using JtaPlatform implementation: [org.hibernate.engine.transaction.jta.platform.internal.NoJtaPlatform]
2022-10-25 11:14:21 INFO  - org.springframework.orm.jpa.LocalContainerEntityManagerFactoryBean  - Initialized JPA EntityManagerFactory for persistence unit 'default'
2022-10-25 11:14:21 WARN  - org.springframework.boot.autoconfigure.orm.jpa.JpaBaseConfiguration$JpaWebConfiguration  - spring.jpa.open-in-view is enabled by default. Therefore, database queries may be performed during view rendering. Explicitly configure spring.jpa.open-in-view to disable this warning
2022-10-25 11:14:22 INFO  - org.springframework.security.web.DefaultSecurityFilterChain  - Will secure any request with [org.springframework.security.web.session.DisableEncodeUrlFilter@311eb725, org.springframework.security.web.context.request.async.WebAsyncManagerIntegrationFilter@7a791e8b, org.springframework.security.web.context.SecurityContextPersistenceFilter@631c6ef4, org.springframework.security.web.header.HeaderWriterFilter@21b75073, org.springframework.security.web.authentication.logout.LogoutFilter@55854382, com.company.config.JwtTokenFilter@79080255, org.springframework.security.web.savedrequest.RequestCacheAwareFilter@58df431e, org.springframework.security.web.servletapi.SecurityContextHolderAwareRequestFilter@62d4dac4, org.springframework.security.web.authentication.AnonymousAuthenticationFilter@6c4a1980, org.springframework.security.web.session.SessionManagementFilter@18f1260, org.springframework.security.web.access.ExceptionTranslationFilter@2643c33f, org.springframework.security.web.access.intercept.FilterSecurityInterceptor@6b3a1151]
2022-10-25 11:14:23 INFO  - com.company.YouTubeApplicationTests  - Started YouTubeApplicationTests in 5.24 seconds (JVM running for 6.042)
2022-10-25 11:14:23 INFO  - org.springframework.orm.jpa.LocalContainerEntityManagerFactoryBean  - Closing JPA EntityManagerFactory for persistence unit 'default'
2022-10-25 11:14:23 INFO  - com.zaxxer.hikari.HikariDataSource  - HikariPool-1 - Shutdown initiated...
2022-10-25 11:14:23 INFO  - com.zaxxer.hikari.HikariDataSource  - HikariPool-1 - Shutdown completed.
2022-10-25 11:15:02 INFO  - com.company.YouTubeApplication  - Starting YouTubeApplication using Java 18.0.2.1 on DESKTOP-KSJ750Q with PID 7612 (C:\Users\PC\IdeaProjects\youTube\target\classes started by PC in C:\Users\PC\IdeaProjects\youTube)
2022-10-25 11:15:02 INFO  - com.company.YouTubeApplication  - The following 1 profile is active: "dev"
2022-10-25 11:15:02 INFO  - org.springframework.data.repository.config.RepositoryConfigurationDelegate  - Bootstrapping Spring Data JPA repositories in DEFAULT mode.
2022-10-25 11:15:03 INFO  - org.springframework.data.repository.config.RepositoryConfigurationDelegate  - Finished Spring Data repository scanning in 62 ms. Found 18 JPA repository interfaces.
2022-10-25 11:15:03 INFO  - org.springframework.boot.web.embedded.tomcat.TomcatWebServer  - Tomcat initialized with port(s): 8080 (http)
2022-10-25 11:15:03 INFO  - org.apache.catalina.core.StandardService  - Starting service [Tomcat]
2022-10-25 11:15:03 INFO  - org.apache.catalina.core.StandardEngine  - Starting Servlet engine: [Apache Tomcat/9.0.64]
2022-10-25 11:15:03 INFO  - org.apache.catalina.core.ContainerBase.[Tomcat].[localhost].[/]  - Initializing Spring embedded WebApplicationContext
2022-10-25 11:15:03 INFO  - org.springframework.boot.web.servlet.context.ServletWebServerApplicationContext  - Root WebApplicationContext: initialization completed in 1078 ms
2022-10-25 11:15:03 INFO  - org.hibernate.jpa.internal.util.LogHelper  - HHH000204: Processing PersistenceUnitInfo [name: default]
2022-10-25 11:15:03 INFO  - org.hibernate.Version  - HHH000412: Hibernate ORM core version 5.6.9.Final
2022-10-25 11:15:03 INFO  - org.hibernate.annotations.common.Version  - HCANN000001: Hibernate Commons Annotations {5.1.2.Final}
2022-10-25 11:15:03 INFO  - com.zaxxer.hikari.HikariDataSource  - HikariPool-1 - Starting...
2022-10-25 11:15:03 INFO  - com.zaxxer.hikari.HikariDataSource  - HikariPool-1 - Start completed.
2022-10-25 11:15:03 INFO  - org.hibernate.dialect.Dialect  - HHH000400: Using dialect: org.hibernate.dialect.PostgreSQL10Dialect
2022-10-25 11:15:04 WARN  - org.hibernate.id.UUIDHexGenerator  - HHH000409: Using org.hibernate.id.UUIDHexGenerator which does not generate IETF RFC 4122 compliant UUID values; consider using org.hibernate.id.UUIDGenerator instead
2022-10-25 11:15:04 INFO  - org.hibernate.engine.transaction.jta.platform.internal.JtaPlatformInitiator  - HHH000490: Using JtaPlatform implementation: [org.hibernate.engine.transaction.jta.platform.internal.NoJtaPlatform]
2022-10-25 11:15:04 INFO  - org.springframework.orm.jpa.LocalContainerEntityManagerFactoryBean  - Initialized JPA EntityManagerFactory for persistence unit 'default'
2022-10-25 11:15:04 WARN  - org.springframework.boot.autoconfigure.orm.jpa.JpaBaseConfiguration$JpaWebConfiguration  - spring.jpa.open-in-view is enabled by default. Therefore, database queries may be performed during view rendering. Explicitly configure spring.jpa.open-in-view to disable this warning
2022-10-25 11:15:05 INFO  - org.springframework.security.web.DefaultSecurityFilterChain  - Will secure any request with [org.springframework.security.web.session.DisableEncodeUrlFilter@2e53f980, org.springframework.security.web.context.request.async.WebAsyncManagerIntegrationFilter@3c8c5513, org.springframework.security.web.context.SecurityContextPersistenceFilter@5c7c22ce, org.springframework.security.web.header.HeaderWriterFilter@b67b359, org.springframework.security.web.authentication.logout.LogoutFilter@1cbb394b, com.company.config.JwtTokenFilter@7b55f0a6, org.springframework.security.web.savedrequest.RequestCacheAwareFilter@328b2c2a, org.springframework.security.web.servletapi.SecurityContextHolderAwareRequestFilter@2e214d39, org.springframework.security.web.authentication.AnonymousAuthenticationFilter@3502b614, org.springframework.security.web.session.SessionManagementFilter@6db84cae, org.springframework.security.web.access.ExceptionTranslationFilter@7e2c8622, org.springframework.security.web.access.intercept.FilterSecurityInterceptor@4c0989f7]
2022-10-25 11:15:05 INFO  - org.springframework.boot.web.embedded.tomcat.TomcatWebServer  - Tomcat started on port(s): 8080 (http) with context path ''
2022-10-25 11:15:06 INFO  - com.company.YouTubeApplication  - Started YouTubeApplication in 3.901 seconds (JVM running for 4.327)
2022-10-25 11:15:17 INFO  - org.apache.catalina.core.ContainerBase.[Tomcat].[localhost].[/]  - Initializing Spring DispatcherServlet 'dispatcherServlet'
2022-10-25 11:15:17 INFO  - org.springframework.web.servlet.DispatcherServlet  - Initializing Servlet 'dispatcherServlet'
2022-10-25 11:15:17 INFO  - org.springframework.web.servlet.DispatcherServlet  - Completed initialization in 1 ms
2022-10-25 11:15:18 INFO  - com.company.controller.AuthController  - Request for login AuthDTO(email=admin@mail.tu, password=123)
2022-10-25 11:22:36 INFO  - org.springframework.orm.jpa.LocalContainerEntityManagerFactoryBean  - Closing JPA EntityManagerFactory for persistence unit 'default'
2022-10-25 11:22:36 INFO  - com.zaxxer.hikari.HikariDataSource  - HikariPool-1 - Shutdown initiated...
2022-10-25 11:22:36 INFO  - com.zaxxer.hikari.HikariDataSource  - HikariPool-1 - Shutdown completed.
